2020-03-14 10:42:36.173 INFO  [main]xyz.fusheng.blog.BlogApplication.logStarting:55 -Starting BlogApplication on DESKTOP-UFFICG8 with PID 21904 (started by 25610 in G:\Code_fusheng\SpringBoot+Vue【个人博客】\blog)
2020-03-14 10:42:36.244 INFO  [main]xyz.fusheng.blog.BlogApplication.logStartupProfileInfo:651 -No active profile set, falling back to default profiles: default
2020-03-14 10:42:38.102 INFO  [main]o.s.c.s.PostProcessorRegistrationDelegate$BeanPostProcessorChecker.postProcessAfterInitialization:330 -Bean 'shiroConfig' of type [xyz.fusheng.blog.config.ShiroConfig$$EnhancerBySpringCGLIB$$4e7b1e5e] is not eligible for getting processed by all BeanPostProcessors (for example: not eligible for auto-proxying)
2020-03-14 10:42:38.188 INFO  [main]o.s.c.s.PostProcessorRegistrationDelegate$BeanPostProcessorChecker.postProcessAfterInitialization:330 -Bean 'mybatis-org.mybatis.spring.boot.autoconfigure.MybatisProperties' of type [org.mybatis.spring.boot.autoconfigure.MybatisProperties] is not eligible for getting processed by all BeanPostProcessors (for example: not eligible for auto-proxying)
2020-03-14 10:42:38.202 INFO  [main]o.s.c.s.PostProcessorRegistrationDelegate$BeanPostProcessorChecker.postProcessAfterInitialization:330 -Bean 'org.mybatis.spring.boot.autoconfigure.MybatisAutoConfiguration' of type [org.mybatis.spring.boot.autoconfigure.MybatisAutoConfiguration$$EnhancerBySpringCGLIB$$70fc5a9f] is not eligible for getting processed by all BeanPostProcessors (for example: not eligible for auto-proxying)
2020-03-14 10:42:38.207 INFO  [main]o.s.c.s.PostProcessorRegistrationDelegate$BeanPostProcessorChecker.postProcessAfterInitialization:330 -Bean 'com.alibaba.druid.spring.boot.autoconfigure.DruidDataSourceAutoConfigure' of type [com.alibaba.druid.spring.boot.autoconfigure.DruidDataSourceAutoConfigure$$EnhancerBySpringCGLIB$$57d3fee1] is not eligible for getting processed by all BeanPostProcessors (for example: not eligible for auto-proxying)
2020-03-14 10:42:38.211 INFO  [main]c.a.d.s.boot.autoconfigure.DruidDataSourceAutoConfigure.dataSource:56 -Init DruidDataSource
2020-03-14 10:42:38.274 INFO  [main]o.s.c.s.PostProcessorRegistrationDelegate$BeanPostProcessorChecker.postProcessAfterInitialization:330 -Bean 'spring.datasource-org.springframework.boot.autoconfigure.jdbc.DataSourceProperties' of type [org.springframework.boot.autoconfigure.jdbc.DataSourceProperties] is not eligible for getting processed by all BeanPostProcessors (for example: not eligible for auto-proxying)
2020-03-14 10:42:38.294 INFO  [main]o.s.c.s.PostProcessorRegistrationDelegate$BeanPostProcessorChecker.postProcessAfterInitialization:330 -Bean 'com.alibaba.druid.spring.boot.autoconfigure.stat.DruidFilterConfiguration' of type [com.alibaba.druid.spring.boot.autoconfigure.stat.DruidFilterConfiguration] is not eligible for getting processed by all BeanPostProcessors (for example: not eligible for auto-proxying)
2020-03-14 10:42:38.325 INFO  [main]o.s.c.s.PostProcessorRegistrationDelegate$BeanPostProcessorChecker.postProcessAfterInitialization:330 -Bean 'statFilter' of type [com.alibaba.druid.filter.stat.StatFilter] is not eligible for getting processed by all BeanPostProcessors (for example: not eligible for auto-proxying)
2020-03-14 10:42:42.977 INFO  [main]com.alibaba.druid.pool.DruidDataSource.init:930 -{dataSource-1} inited
2020-03-14 10:42:42.978 INFO  [main]o.s.c.s.PostProcessorRegistrationDelegate$BeanPostProcessorChecker.postProcessAfterInitialization:330 -Bean 'dataSource' of type [com.alibaba.druid.spring.boot.autoconfigure.DruidDataSourceWrapper] is not eligible for getting processed by all BeanPostProcessors (for example: not eligible for auto-proxying)
2020-03-14 10:42:43.182 INFO  [main]o.s.c.s.PostProcessorRegistrationDelegate$BeanPostProcessorChecker.postProcessAfterInitialization:330 -Bean 'org.springframework.boot.autoconfigure.jdbc.DataSourceInitializerInvoker' of type [org.springframework.boot.autoconfigure.jdbc.DataSourceInitializerInvoker] is not eligible for getting processed by all BeanPostProcessors (for example: not eligible for auto-proxying)
2020-03-14 10:42:43.569 INFO  [main]o.s.c.s.PostProcessorRegistrationDelegate$BeanPostProcessorChecker.postProcessAfterInitialization:330 -Bean 'sqlSessionFactory' of type [org.apache.ibatis.session.defaults.DefaultSqlSessionFactory] is not eligible for getting processed by all BeanPostProcessors (for example: not eligible for auto-proxying)
2020-03-14 10:42:43.595 INFO  [main]o.s.c.s.PostProcessorRegistrationDelegate$BeanPostProcessorChecker.postProcessAfterInitialization:330 -Bean 'sqlSessionTemplate' of type [org.mybatis.spring.SqlSessionTemplate] is not eligible for getting processed by all BeanPostProcessors (for example: not eligible for auto-proxying)
2020-03-14 10:42:43.606 INFO  [main]o.s.c.s.PostProcessorRegistrationDelegate$BeanPostProcessorChecker.postProcessAfterInitialization:330 -Bean 'adminMapper' of type [org.mybatis.spring.mapper.MapperFactoryBean] is not eligible for getting processed by all BeanPostProcessors (for example: not eligible for auto-proxying)
2020-03-14 10:42:43.610 INFO  [main]o.s.c.s.PostProcessorRegistrationDelegate$BeanPostProcessorChecker.postProcessAfterInitialization:330 -Bean 'adminMapper' of type [com.sun.proxy.$Proxy80] is not eligible for getting processed by all BeanPostProcessors (for example: not eligible for auto-proxying)
2020-03-14 10:42:43.612 INFO  [main]o.s.c.s.PostProcessorRegistrationDelegate$BeanPostProcessorChecker.postProcessAfterInitialization:330 -Bean 'adminServiceImpl' of type [xyz.fusheng.blog.service.impl.AdminServiceImpl] is not eligible for getting processed by all BeanPostProcessors (for example: not eligible for auto-proxying)
2020-03-14 10:42:43.614 INFO  [main]o.s.c.s.PostProcessorRegistrationDelegate$BeanPostProcessorChecker.postProcessAfterInitialization:330 -Bean 'adminRealm' of type [xyz.fusheng.blog.realm.AdminRealm] is not eligible for getting processed by all BeanPostProcessors (for example: not eligible for auto-proxying)
2020-03-14 10:42:43.694 INFO  [main]o.s.c.s.PostProcessorRegistrationDelegate$BeanPostProcessorChecker.postProcessAfterInitialization:330 -Bean 'securityManager' of type [org.apache.shiro.web.mgt.DefaultWebSecurityManager] is not eligible for getting processed by all BeanPostProcessors (for example: not eligible for auto-proxying)
2020-03-14 10:42:43.735 INFO  [main]o.s.c.s.PostProcessorRegistrationDelegate$BeanPostProcessorChecker.postProcessAfterInitialization:330 -Bean 'authorizationAttributeSourceAdvisor' of type [org.apache.shiro.spring.security.interceptor.AuthorizationAttributeSourceAdvisor] is not eligible for getting processed by all BeanPostProcessors (for example: not eligible for auto-proxying)
2020-03-14 10:42:44.254 INFO  [main]o.s.boot.web.embedded.tomcat.TomcatWebServer.initialize:92 -Tomcat initialized with port(s): 8001 (http)
2020-03-14 10:42:44.264 INFO  [main]org.apache.coyote.http11.Http11NioProtocol.log:173 -Initializing ProtocolHandler ["http-nio-8001"]
2020-03-14 10:42:44.264 INFO  [main]org.apache.catalina.core.StandardService.log:173 -Starting service [Tomcat]
2020-03-14 10:42:44.264 INFO  [main]org.apache.catalina.core.StandardEngine.log:173 -Starting Servlet engine: [Apache Tomcat/9.0.31]
2020-03-14 10:42:44.381 INFO  [main]o.a.catalina.core.ContainerBase.[Tomcat].[localhost].[/].log:173 -Initializing Spring embedded WebApplicationContext
2020-03-14 10:42:44.381 INFO  [main]org.springframework.web.context.ContextLoader.prepareWebApplicationContext:284 -Root WebApplicationContext: initialization completed in 7973 ms
2020-03-14 10:42:46.584 INFO  [main]org.apache.coyote.http11.Http11NioProtocol.log:173 -Starting ProtocolHandler ["http-nio-8001"]
2020-03-14 10:42:46.631 INFO  [main]o.s.boot.web.embedded.tomcat.TomcatWebServer.start:204 -Tomcat started on port(s): 8001 (http) with context path ''
2020-03-14 10:42:46.636 INFO  [main]xyz.fusheng.blog.BlogApplication.logStarted:61 -Started BlogApplication in 12.001 seconds (JVM running for 15.759)
2020-03-14 10:44:50.323 INFO  [http-nio-8001-exec-2]o.a.catalina.core.ContainerBase.[Tomcat].[localhost].[/].log:173 -Initializing Spring DispatcherServlet 'dispatcherServlet'
2020-03-14 10:44:50.325 INFO  [http-nio-8001-exec-2]org.springframework.web.servlet.DispatcherServlet.initServletBean:525 -Initializing Servlet 'dispatcherServlet'
2020-03-14 10:44:50.348 INFO  [http-nio-8001-exec-2]org.springframework.web.servlet.DispatcherServlet.initServletBean:547 -Completed initialization in 23 ms
2020-03-14 10:44:50.632 INFO  [http-nio-8001-exec-2]xyz.fusheng.blog.aspect.RequestAspect.printRequestLog:116 -请求地址 : /admin/login
2020-03-14 10:44:50.643 INFO  [http-nio-8001-exec-2]xyz.fusheng.blog.aspect.RequestAspect.printRequestLog:117 -请求方式 : POST
2020-03-14 10:44:50.644 INFO  [http-nio-8001-exec-2]xyz.fusheng.blog.aspect.RequestAspect.printRequestLog:120 -IP : 0:0:0:0:0:0:0:1
2020-03-14 10:44:50.646 INFO  [http-nio-8001-exec-2]xyz.fusheng.blog.aspect.RequestAspect.printRequestLog:122 -方法 : xyz.fusheng.blog.controller.AdminController.login
2020-03-14 10:44:50.647 INFO  [http-nio-8001-exec-2]xyz.fusheng.blog.aspect.RequestAspect.printRequestLog:124 -请求参数：[Admin(id=null, name=null, header=null, signature=null, comment=null, username=admin, password=e10adc3949ba59abbe56e057f20f883e)]
2020-03-14 10:44:50.933 INFO  [http-nio-8001-exec-2]xyz.fusheng.blog.aspect.RequestAspect.doAround:71 -耗时 : 302
2020-03-14 10:44:51.073 INFO  [http-nio-8001-exec-2]xyz.fusheng.blog.aspect.RequestAspect.doAfterReturning:85 -返回值:{"code":20000,"data":{"token":"087A70273E2204DA21D19CFE9E37AFF2"},"msg":"操作成功！"}
2020-03-14 10:46:26.591 INFO  [http-nio-8001-exec-5]xyz.fusheng.blog.aspect.RequestAspect.printRequestLog:116 -请求地址 : /about/save
2020-03-14 10:46:26.592 INFO  [http-nio-8001-exec-5]xyz.fusheng.blog.aspect.RequestAspect.printRequestLog:117 -请求方式 : POST
2020-03-14 10:46:26.592 INFO  [http-nio-8001-exec-5]xyz.fusheng.blog.aspect.RequestAspect.printRequestLog:120 -IP : 0:0:0:0:0:0:0:1
2020-03-14 10:46:26.593 INFO  [http-nio-8001-exec-5]xyz.fusheng.blog.aspect.RequestAspect.printRequestLog:122 -方法 : xyz.fusheng.blog.controller.AboutController.save
2020-03-14 10:46:26.594 INFO  [http-nio-8001-exec-5]xyz.fusheng.blog.aspect.RequestAspect.printRequestLog:124 -请求参数：[About(aboutId=null, aboutTitle=测试关于我的信息, aboutContent=测试内容, aboutRead=null, createdTime=null, updateTime=null, version=null, enable=null, deleted=null)]
2020-03-14 10:46:26.718 INFO  [http-nio-8001-exec-5]xyz.fusheng.blog.aspect.RequestAspect.doAround:71 -耗时 : 128
2020-03-14 10:46:26.719 INFO  [http-nio-8001-exec-5]xyz.fusheng.blog.aspect.RequestAspect.doAfterReturning:85 -返回值:{"code":20000,"msg":"保存成功!"}
2020-03-14 10:47:17.784 INFO  [http-nio-8001-exec-6]xyz.fusheng.blog.aspect.RequestAspect.printRequestLog:116 -请求地址 : /about/save
2020-03-14 10:47:17.785 INFO  [http-nio-8001-exec-6]xyz.fusheng.blog.aspect.RequestAspect.printRequestLog:117 -请求方式 : POST
2020-03-14 10:47:17.786 INFO  [http-nio-8001-exec-6]xyz.fusheng.blog.aspect.RequestAspect.printRequestLog:120 -IP : 0:0:0:0:0:0:0:1
2020-03-14 10:47:17.786 INFO  [http-nio-8001-exec-6]xyz.fusheng.blog.aspect.RequestAspect.printRequestLog:122 -方法 : xyz.fusheng.blog.controller.AboutController.save
2020-03-14 10:47:17.787 INFO  [http-nio-8001-exec-6]xyz.fusheng.blog.aspect.RequestAspect.printRequestLog:124 -请求参数：[About(aboutId=null, aboutTitle=测试关于我的信息1, aboutContent=测试内容1, aboutRead=null, createdTime=null, updateTime=null, version=null, enable=null, deleted=null)]
2020-03-14 10:47:17.939 INFO  [http-nio-8001-exec-6]xyz.fusheng.blog.aspect.RequestAspect.doAround:71 -耗时 : 155
2020-03-14 10:47:17.940 INFO  [http-nio-8001-exec-6]xyz.fusheng.blog.aspect.RequestAspect.doAfterReturning:85 -返回值:{"code":20000,"msg":"保存成功!"}
2020-03-14 10:47:24.390 INFO  [http-nio-8001-exec-7]xyz.fusheng.blog.aspect.RequestAspect.printRequestLog:116 -请求地址 : /about/save
2020-03-14 10:47:24.391 INFO  [http-nio-8001-exec-7]xyz.fusheng.blog.aspect.RequestAspect.printRequestLog:117 -请求方式 : POST
2020-03-14 10:47:24.391 INFO  [http-nio-8001-exec-7]xyz.fusheng.blog.aspect.RequestAspect.printRequestLog:120 -IP : 0:0:0:0:0:0:0:1
2020-03-14 10:47:24.392 INFO  [http-nio-8001-exec-7]xyz.fusheng.blog.aspect.RequestAspect.printRequestLog:122 -方法 : xyz.fusheng.blog.controller.AboutController.save
2020-03-14 10:47:24.393 INFO  [http-nio-8001-exec-7]xyz.fusheng.blog.aspect.RequestAspect.printRequestLog:124 -请求参数：[About(aboutId=null, aboutTitle=测试关于我的信息2, aboutContent=测试内容2, aboutRead=null, createdTime=null, updateTime=null, version=null, enable=null, deleted=null)]
2020-03-14 10:47:24.504 INFO  [http-nio-8001-exec-7]xyz.fusheng.blog.aspect.RequestAspect.doAround:71 -耗时 : 114
2020-03-14 10:47:24.505 INFO  [http-nio-8001-exec-7]xyz.fusheng.blog.aspect.RequestAspect.doAfterReturning:85 -返回值:{"code":20000,"msg":"保存成功!"}
2020-03-14 10:47:34.790 INFO  [http-nio-8001-exec-8]xyz.fusheng.blog.aspect.RequestAspect.printRequestLog:116 -请求地址 : /about/save
2020-03-14 10:47:34.791 INFO  [http-nio-8001-exec-8]xyz.fusheng.blog.aspect.RequestAspect.printRequestLog:117 -请求方式 : POST
2020-03-14 10:47:34.792 INFO  [http-nio-8001-exec-8]xyz.fusheng.blog.aspect.RequestAspect.printRequestLog:120 -IP : 0:0:0:0:0:0:0:1
2020-03-14 10:47:34.792 INFO  [http-nio-8001-exec-8]xyz.fusheng.blog.aspect.RequestAspect.printRequestLog:122 -方法 : xyz.fusheng.blog.controller.AboutController.save
2020-03-14 10:47:34.794 INFO  [http-nio-8001-exec-8]xyz.fusheng.blog.aspect.RequestAspect.printRequestLog:124 -请求参数：[About(aboutId=null, aboutTitle=测试关于我的信息3, aboutContent=测试内容3, aboutRead=null, createdTime=null, updateTime=null, version=null, enable=null, deleted=null)]
2020-03-14 10:47:34.917 INFO  [http-nio-8001-exec-8]xyz.fusheng.blog.aspect.RequestAspect.doAround:71 -耗时 : 127
2020-03-14 10:47:34.918 INFO  [http-nio-8001-exec-8]xyz.fusheng.blog.aspect.RequestAspect.doAfterReturning:85 -返回值:{"code":20000,"msg":"保存成功!"}
2020-03-14 10:48:13.343 INFO  [http-nio-8001-exec-9]xyz.fusheng.blog.aspect.RequestAspect.printRequestLog:116 -请求地址 : /about/getByPage
2020-03-14 10:48:13.344 INFO  [http-nio-8001-exec-9]xyz.fusheng.blog.aspect.RequestAspect.printRequestLog:117 -请求方式 : POST
2020-03-14 10:48:13.344 INFO  [http-nio-8001-exec-9]xyz.fusheng.blog.aspect.RequestAspect.printRequestLog:120 -IP : 0:0:0:0:0:0:0:1
2020-03-14 10:48:13.346 INFO  [http-nio-8001-exec-9]xyz.fusheng.blog.aspect.RequestAspect.printRequestLog:122 -方法 : xyz.fusheng.blog.controller.AboutController.getByPage
2020-03-14 10:48:13.347 INFO  [http-nio-8001-exec-9]xyz.fusheng.blog.aspect.RequestAspect.printRequestLog:124 -请求参数：[Page(currentPage=1, pageSize=2, totalPage=0, totalCount=0, index=0, list=null, params={}, sortColumn=created_time, sortMethod=desc)]
2020-03-14 10:48:13.619 INFO  [http-nio-8001-exec-9]xyz.fusheng.blog.aspect.RequestAspect.doAround:71 -耗时 : 276
2020-03-14 10:48:13.631 INFO  [http-nio-8001-exec-9]xyz.fusheng.blog.aspect.RequestAspect.doAfterReturning:85 -返回值:{"code":20000,"data":{"index":0,"list":[{"aboutId":4,"aboutRead":0,"aboutTitle":"测试关于我的信息3","createdTime":"2020-03-14 10:47:35","enable":0,"updateTime":"2020-03-14 10:47:35"},{"aboutId":3,"aboutRead":0,"aboutTitle":"测试关于我的信息2","createdTime":"2020-03-14 10:47:24","enable":0,"updateTime":"2020-03-14 10:47:24"}],"pageSize":2,"params":{},"sortColumn":"created_time","sortMethod":"desc","totalCount":4,"totalPage":2},"msg":"操作成功！"}
2020-03-14 10:48:25.765 INFO  [http-nio-8001-exec-10]xyz.fusheng.blog.aspect.RequestAspect.printRequestLog:116 -请求地址 : /about/getByPage
2020-03-14 10:48:25.766 INFO  [http-nio-8001-exec-10]xyz.fusheng.blog.aspect.RequestAspect.printRequestLog:117 -请求方式 : POST
2020-03-14 10:48:25.767 INFO  [http-nio-8001-exec-10]xyz.fusheng.blog.aspect.RequestAspect.printRequestLog:120 -IP : 0:0:0:0:0:0:0:1
2020-03-14 10:48:25.771 INFO  [http-nio-8001-exec-10]xyz.fusheng.blog.aspect.RequestAspect.printRequestLog:122 -方法 : xyz.fusheng.blog.controller.AboutController.getByPage
2020-03-14 10:48:25.772 INFO  [http-nio-8001-exec-10]xyz.fusheng.blog.aspect.RequestAspect.printRequestLog:124 -请求参数：[Page(currentPage=1, pageSize=3, totalPage=0, totalCount=0, index=0, list=null, params={}, sortColumn=created_time, sortMethod=desc)]
2020-03-14 10:48:25.972 INFO  [http-nio-8001-exec-10]xyz.fusheng.blog.aspect.RequestAspect.doAround:71 -耗时 : 207
2020-03-14 10:48:25.975 INFO  [http-nio-8001-exec-10]xyz.fusheng.blog.aspect.RequestAspect.doAfterReturning:85 -返回值:{"code":20000,"data":{"index":0,"list":[{"aboutId":4,"aboutRead":0,"aboutTitle":"测试关于我的信息3","createdTime":"2020-03-14 10:47:35","enable":0,"updateTime":"2020-03-14 10:47:35"},{"aboutId":3,"aboutRead":0,"aboutTitle":"测试关于我的信息2","createdTime":"2020-03-14 10:47:24","enable":0,"updateTime":"2020-03-14 10:47:24"},{"aboutId":2,"aboutRead":0,"aboutTitle":"测试关于我的信息1","createdTime":"2020-03-14 10:47:18","enable":0,"updateTime":"2020-03-14 10:47:18"}],"pageSize":3,"params":{},"sortColumn":"created_time","sortMethod":"desc","totalCount":4,"totalPage":2},"msg":"操作成功！"}
2020-03-14 10:50:03.549 INFO  [http-nio-8001-exec-2]xyz.fusheng.blog.aspect.RequestAspect.printRequestLog:116 -请求地址 : /about/update
2020-03-14 10:50:03.550 INFO  [http-nio-8001-exec-2]xyz.fusheng.blog.aspect.RequestAspect.printRequestLog:117 -请求方式 : PUT
2020-03-14 10:50:03.550 INFO  [http-nio-8001-exec-2]xyz.fusheng.blog.aspect.RequestAspect.printRequestLog:120 -IP : 0:0:0:0:0:0:0:1
2020-03-14 10:50:03.551 INFO  [http-nio-8001-exec-2]xyz.fusheng.blog.aspect.RequestAspect.printRequestLog:122 -方法 : xyz.fusheng.blog.controller.AboutController.update
2020-03-14 10:50:03.552 INFO  [http-nio-8001-exec-2]xyz.fusheng.blog.aspect.RequestAspect.printRequestLog:124 -请求参数：[About(aboutId=1, aboutTitle=修改更新关于我的信息, aboutContent=修改后的测试内容1, aboutRead=null, createdTime=null, updateTime=null, version=1, enable=null, deleted=null)]
2020-03-14 10:50:03.680 INFO  [http-nio-8001-exec-2]xyz.fusheng.blog.aspect.RequestAspect.doAround:71 -耗时 : 131
2020-03-14 10:50:03.681 INFO  [http-nio-8001-exec-2]xyz.fusheng.blog.aspect.RequestAspect.doAfterReturning:85 -返回值:{"code":20000,"msg":"修改成功!"}
2020-03-14 10:50:41.981 INFO  [http-nio-8001-exec-4]xyz.fusheng.blog.aspect.RequestAspect.printRequestLog:116 -请求地址 : /about/delete/4
2020-03-14 10:50:41.981 INFO  [http-nio-8001-exec-4]xyz.fusheng.blog.aspect.RequestAspect.printRequestLog:117 -请求方式 : DELETE
2020-03-14 10:50:41.982 INFO  [http-nio-8001-exec-4]xyz.fusheng.blog.aspect.RequestAspect.printRequestLog:120 -IP : 0:0:0:0:0:0:0:1
2020-03-14 10:50:41.983 INFO  [http-nio-8001-exec-4]xyz.fusheng.blog.aspect.RequestAspect.printRequestLog:122 -方法 : xyz.fusheng.blog.controller.AboutController.delete
2020-03-14 10:50:41.983 INFO  [http-nio-8001-exec-4]xyz.fusheng.blog.aspect.RequestAspect.printRequestLog:124 -请求参数：[4]
2020-03-14 10:50:42.115 INFO  [http-nio-8001-exec-4]xyz.fusheng.blog.aspect.RequestAspect.doAround:71 -耗时 : 134
2020-03-14 10:50:42.115 INFO  [http-nio-8001-exec-4]xyz.fusheng.blog.aspect.RequestAspect.doAfterReturning:85 -返回值:{"code":20000,"msg":"删除成功!"}
2020-03-14 10:52:30.341 INFO  [http-nio-8001-exec-7]xyz.fusheng.blog.aspect.RequestAspect.printRequestLog:116 -请求地址 : /about/get/1
2020-03-14 10:52:30.342 INFO  [http-nio-8001-exec-7]xyz.fusheng.blog.aspect.RequestAspect.printRequestLog:117 -请求方式 : GET
2020-03-14 10:52:30.342 INFO  [http-nio-8001-exec-7]xyz.fusheng.blog.aspect.RequestAspect.printRequestLog:120 -IP : 0:0:0:0:0:0:0:1
2020-03-14 10:52:30.343 INFO  [http-nio-8001-exec-7]xyz.fusheng.blog.aspect.RequestAspect.printRequestLog:122 -方法 : xyz.fusheng.blog.controller.AboutController.get
2020-03-14 10:52:30.343 INFO  [http-nio-8001-exec-7]xyz.fusheng.blog.aspect.RequestAspect.printRequestLog:124 -请求参数：[1]
2020-03-14 10:52:30.481 INFO  [http-nio-8001-exec-7]xyz.fusheng.blog.aspect.RequestAspect.doAround:71 -耗时 : 140
2020-03-14 10:52:30.482 INFO  [http-nio-8001-exec-7]xyz.fusheng.blog.aspect.RequestAspect.doAfterReturning:85 -返回值:{"code":20000,"data":{"aboutContent":"修改后的测试内容1","aboutId":1,"aboutRead":0,"aboutTitle":"修改更新关于我的信息","createdTime":"2020-03-14 10:46:26","updateTime":"2020-03-14 10:50:03","version":2},"msg":"操作成功！"}
2020-03-14 10:53:22.449 INFO  [http-nio-8001-exec-9]xyz.fusheng.blog.aspect.RequestAspect.printRequestLog:116 -请求地址 : /about/read
2020-03-14 10:53:22.450 INFO  [http-nio-8001-exec-9]xyz.fusheng.blog.aspect.RequestAspect.printRequestLog:117 -请求方式 : GET
2020-03-14 10:53:22.450 INFO  [http-nio-8001-exec-9]xyz.fusheng.blog.aspect.RequestAspect.printRequestLog:120 -IP : 0:0:0:0:0:0:0:1
2020-03-14 10:53:22.451 INFO  [http-nio-8001-exec-9]xyz.fusheng.blog.aspect.RequestAspect.printRequestLog:122 -方法 : xyz.fusheng.blog.controller.AboutController.read
2020-03-14 10:53:22.452 INFO  [http-nio-8001-exec-9]xyz.fusheng.blog.aspect.RequestAspect.printRequestLog:124 -请求参数：[]
2020-03-14 10:53:22.652 INFO  [http-nio-8001-exec-9]xyz.fusheng.blog.aspect.RequestAspect.doAround:71 -耗时 : 203
2020-03-14 10:53:22.653 INFO  [http-nio-8001-exec-9]xyz.fusheng.blog.aspect.RequestAspect.doAfterReturning:85 -返回值:{"code":20000,"msg":"操作成功！"}
2020-03-14 10:57:06.686 INFO  [http-nio-8001-exec-1]xyz.fusheng.blog.aspect.RequestAspect.printRequestLog:116 -请求地址 : /about/enable/1
2020-03-14 10:57:06.687 INFO  [http-nio-8001-exec-1]xyz.fusheng.blog.aspect.RequestAspect.printRequestLog:117 -请求方式 : PUT
2020-03-14 10:57:06.688 INFO  [http-nio-8001-exec-1]xyz.fusheng.blog.aspect.RequestAspect.printRequestLog:120 -IP : 0:0:0:0:0:0:0:1
2020-03-14 10:57:06.688 INFO  [http-nio-8001-exec-1]xyz.fusheng.blog.aspect.RequestAspect.printRequestLog:122 -方法 : xyz.fusheng.blog.controller.AboutController.enable
2020-03-14 10:57:06.689 INFO  [http-nio-8001-exec-1]xyz.fusheng.blog.aspect.RequestAspect.printRequestLog:124 -请求参数：[1]
2020-03-14 10:57:06.989 INFO  [http-nio-8001-exec-1]xyz.fusheng.blog.aspect.RequestAspect.doAround:71 -耗时 : 303
2020-03-14 10:57:06.990 INFO  [http-nio-8001-exec-1]xyz.fusheng.blog.aspect.RequestAspect.doAfterReturning:85 -返回值:{"code":20000,"msg":"启用成功"}
2020-03-14 10:57:13.892 INFO  [http-nio-8001-exec-2]xyz.fusheng.blog.aspect.RequestAspect.printRequestLog:116 -请求地址 : /about/enable/1
2020-03-14 10:57:13.893 INFO  [http-nio-8001-exec-2]xyz.fusheng.blog.aspect.RequestAspect.printRequestLog:117 -请求方式 : PUT
2020-03-14 10:57:13.893 INFO  [http-nio-8001-exec-2]xyz.fusheng.blog.aspect.RequestAspect.printRequestLog:120 -IP : 0:0:0:0:0:0:0:1
2020-03-14 10:57:13.894 INFO  [http-nio-8001-exec-2]xyz.fusheng.blog.aspect.RequestAspect.printRequestLog:122 -方法 : xyz.fusheng.blog.controller.AboutController.enable
2020-03-14 10:57:13.894 INFO  [http-nio-8001-exec-2]xyz.fusheng.blog.aspect.RequestAspect.printRequestLog:124 -请求参数：[1]
2020-03-14 10:57:41.670 INFO  [http-nio-8001-exec-4]xyz.fusheng.blog.aspect.RequestAspect.printRequestLog:116 -请求地址 : /about/disable/7
2020-03-14 10:57:41.671 INFO  [http-nio-8001-exec-4]xyz.fusheng.blog.aspect.RequestAspect.printRequestLog:117 -请求方式 : PUT
2020-03-14 10:57:41.673 INFO  [http-nio-8001-exec-4]xyz.fusheng.blog.aspect.RequestAspect.printRequestLog:120 -IP : 0:0:0:0:0:0:0:1
2020-03-14 10:57:41.674 INFO  [http-nio-8001-exec-4]xyz.fusheng.blog.aspect.RequestAspect.printRequestLog:122 -方法 : xyz.fusheng.blog.controller.AboutController.disable
2020-03-14 10:57:41.675 INFO  [http-nio-8001-exec-4]xyz.fusheng.blog.aspect.RequestAspect.printRequestLog:124 -请求参数：[7]
2020-03-14 10:57:47.254 INFO  [http-nio-8001-exec-5]xyz.fusheng.blog.aspect.RequestAspect.printRequestLog:116 -请求地址 : /about/disable/1
2020-03-14 10:57:47.254 INFO  [http-nio-8001-exec-5]xyz.fusheng.blog.aspect.RequestAspect.printRequestLog:117 -请求方式 : PUT
2020-03-14 10:57:47.255 INFO  [http-nio-8001-exec-5]xyz.fusheng.blog.aspect.RequestAspect.printRequestLog:120 -IP : 0:0:0:0:0:0:0:1
2020-03-14 10:57:47.255 INFO  [http-nio-8001-exec-5]xyz.fusheng.blog.aspect.RequestAspect.printRequestLog:122 -方法 : xyz.fusheng.blog.controller.AboutController.disable
2020-03-14 10:57:47.256 INFO  [http-nio-8001-exec-5]xyz.fusheng.blog.aspect.RequestAspect.printRequestLog:124 -请求参数：[1]
2020-03-14 10:57:47.511 INFO  [http-nio-8001-exec-5]xyz.fusheng.blog.aspect.RequestAspect.doAround:71 -耗时 : 257
2020-03-14 10:57:47.512 INFO  [http-nio-8001-exec-5]xyz.fusheng.blog.aspect.RequestAspect.doAfterReturning:85 -返回值:{"code":20000,"msg":"弃用成功"}
2020-03-14 10:59:00.655 INFO  [http-nio-8001-exec-9]xyz.fusheng.blog.aspect.RequestAspect.printRequestLog:116 -请求地址 : /about/read
2020-03-14 10:59:00.655 INFO  [http-nio-8001-exec-9]xyz.fusheng.blog.aspect.RequestAspect.printRequestLog:117 -请求方式 : GET
2020-03-14 10:59:00.656 INFO  [http-nio-8001-exec-9]xyz.fusheng.blog.aspect.RequestAspect.printRequestLog:120 -IP : 0:0:0:0:0:0:0:1
2020-03-14 10:59:00.656 INFO  [http-nio-8001-exec-9]xyz.fusheng.blog.aspect.RequestAspect.printRequestLog:122 -方法 : xyz.fusheng.blog.controller.AboutController.read
2020-03-14 10:59:00.657 INFO  [http-nio-8001-exec-9]xyz.fusheng.blog.aspect.RequestAspect.printRequestLog:124 -请求参数：[]
2020-03-14 10:59:00.832 INFO  [http-nio-8001-exec-9]xyz.fusheng.blog.aspect.RequestAspect.doAround:71 -耗时 : 178
2020-03-14 10:59:00.832 INFO  [http-nio-8001-exec-9]xyz.fusheng.blog.aspect.RequestAspect.doAfterReturning:85 -返回值:{"code":20000,"msg":"操作成功！"}
2020-03-14 10:59:09.122 INFO  [http-nio-8001-exec-10]xyz.fusheng.blog.aspect.RequestAspect.printRequestLog:116 -请求地址 : /about/enable/1
2020-03-14 10:59:09.123 INFO  [http-nio-8001-exec-10]xyz.fusheng.blog.aspect.RequestAspect.printRequestLog:117 -请求方式 : PUT
2020-03-14 10:59:09.125 INFO  [http-nio-8001-exec-10]xyz.fusheng.blog.aspect.RequestAspect.printRequestLog:120 -IP : 0:0:0:0:0:0:0:1
2020-03-14 10:59:09.125 INFO  [http-nio-8001-exec-10]xyz.fusheng.blog.aspect.RequestAspect.printRequestLog:122 -方法 : xyz.fusheng.blog.controller.AboutController.enable
2020-03-14 10:59:09.126 INFO  [http-nio-8001-exec-10]xyz.fusheng.blog.aspect.RequestAspect.printRequestLog:124 -请求参数：[1]
2020-03-14 10:59:09.404 INFO  [http-nio-8001-exec-10]xyz.fusheng.blog.aspect.RequestAspect.doAround:71 -耗时 : 282
2020-03-14 10:59:09.405 INFO  [http-nio-8001-exec-10]xyz.fusheng.blog.aspect.RequestAspect.doAfterReturning:85 -返回值:{"code":20000,"msg":"启用成功"}
2020-03-14 10:59:13.386 INFO  [http-nio-8001-exec-3]xyz.fusheng.blog.aspect.RequestAspect.printRequestLog:116 -请求地址 : /about/read
2020-03-14 10:59:13.386 INFO  [http-nio-8001-exec-3]xyz.fusheng.blog.aspect.RequestAspect.printRequestLog:117 -请求方式 : GET
2020-03-14 10:59:13.387 INFO  [http-nio-8001-exec-3]xyz.fusheng.blog.aspect.RequestAspect.printRequestLog:120 -IP : 0:0:0:0:0:0:0:1
2020-03-14 10:59:13.388 INFO  [http-nio-8001-exec-3]xyz.fusheng.blog.aspect.RequestAspect.printRequestLog:122 -方法 : xyz.fusheng.blog.controller.AboutController.read
2020-03-14 10:59:13.388 INFO  [http-nio-8001-exec-3]xyz.fusheng.blog.aspect.RequestAspect.printRequestLog:124 -请求参数：[]
2020-03-14 10:59:13.639 INFO  [http-nio-8001-exec-3]xyz.fusheng.blog.aspect.RequestAspect.doAround:71 -耗时 : 253
2020-03-14 10:59:13.641 INFO  [http-nio-8001-exec-3]xyz.fusheng.blog.aspect.RequestAspect.doAfterReturning:85 -返回值:{"code":20000,"data":{"aboutContent":"修改后的测试内容1","aboutId":1,"aboutRead":1,"aboutTitle":"修改更新关于我的信息","createdTime":"2020-03-14 10:46:26","updateTime":"2020-03-14 10:59:09","version":5},"msg":"操作成功！"}
2020-03-14 11:00:00.327 INFO  [http-nio-8001-exec-1]xyz.fusheng.blog.aspect.RequestAspect.printRequestLog:116 -请求地址 : /about/read
2020-03-14 11:00:00.327 INFO  [http-nio-8001-exec-1]xyz.fusheng.blog.aspect.RequestAspect.printRequestLog:117 -请求方式 : GET
2020-03-14 11:00:00.328 INFO  [http-nio-8001-exec-1]xyz.fusheng.blog.aspect.RequestAspect.printRequestLog:120 -IP : 0:0:0:0:0:0:0:1
2020-03-14 11:00:00.329 INFO  [http-nio-8001-exec-1]xyz.fusheng.blog.aspect.RequestAspect.printRequestLog:122 -方法 : xyz.fusheng.blog.controller.AboutController.read
2020-03-14 11:00:00.330 INFO  [http-nio-8001-exec-1]xyz.fusheng.blog.aspect.RequestAspect.printRequestLog:124 -请求参数：[]
2020-03-14 11:00:00.626 INFO  [http-nio-8001-exec-1]xyz.fusheng.blog.aspect.RequestAspect.doAround:71 -耗时 : 299
2020-03-14 11:00:00.628 INFO  [http-nio-8001-exec-1]xyz.fusheng.blog.aspect.RequestAspect.doAfterReturning:85 -返回值:{"code":20000,"data":{"aboutContent":"修改后的测试内容1","aboutId":1,"aboutRead":2,"aboutTitle":"修改更新关于我的信息","createdTime":"2020-03-14 10:46:26","updateTime":"2020-03-14 10:59:13","version":6},"msg":"操作成功！"}
2020-03-14 11:00:01.884 INFO  [http-nio-8001-exec-2]xyz.fusheng.blog.aspect.RequestAspect.printRequestLog:116 -请求地址 : /about/read
2020-03-14 11:00:01.885 INFO  [http-nio-8001-exec-2]xyz.fusheng.blog.aspect.RequestAspect.printRequestLog:117 -请求方式 : GET
2020-03-14 11:00:01.895 INFO  [http-nio-8001-exec-2]xyz.fusheng.blog.aspect.RequestAspect.printRequestLog:120 -IP : 0:0:0:0:0:0:0:1
2020-03-14 11:00:01.895 INFO  [http-nio-8001-exec-2]xyz.fusheng.blog.aspect.RequestAspect.printRequestLog:122 -方法 : xyz.fusheng.blog.controller.AboutController.read
2020-03-14 11:00:01.895 INFO  [http-nio-8001-exec-2]xyz.fusheng.blog.aspect.RequestAspect.printRequestLog:124 -请求参数：[]
2020-03-14 11:00:02.144 INFO  [http-nio-8001-exec-2]xyz.fusheng.blog.aspect.RequestAspect.doAround:71 -耗时 : 260
2020-03-14 11:00:02.144 INFO  [http-nio-8001-exec-2]xyz.fusheng.blog.aspect.RequestAspect.doAfterReturning:85 -返回值:{"code":20000,"data":{"aboutContent":"修改后的测试内容1","aboutId":1,"aboutRead":3,"aboutTitle":"修改更新关于我的信息","createdTime":"2020-03-14 10:46:26","updateTime":"2020-03-14 11:00:00","version":7},"msg":"操作成功！"}
2020-03-14 11:00:03.248 INFO  [http-nio-8001-exec-4]xyz.fusheng.blog.aspect.RequestAspect.printRequestLog:116 -请求地址 : /about/read
2020-03-14 11:00:03.249 INFO  [http-nio-8001-exec-4]xyz.fusheng.blog.aspect.RequestAspect.printRequestLog:117 -请求方式 : GET
2020-03-14 11:00:03.249 INFO  [http-nio-8001-exec-4]xyz.fusheng.blog.aspect.RequestAspect.printRequestLog:120 -IP : 0:0:0:0:0:0:0:1
2020-03-14 11:00:03.250 INFO  [http-nio-8001-exec-4]xyz.fusheng.blog.aspect.RequestAspect.printRequestLog:122 -方法 : xyz.fusheng.blog.controller.AboutController.read
2020-03-14 11:00:03.250 INFO  [http-nio-8001-exec-4]xyz.fusheng.blog.aspect.RequestAspect.printRequestLog:124 -请求参数：[]
2020-03-14 11:00:03.503 INFO  [http-nio-8001-exec-4]xyz.fusheng.blog.aspect.RequestAspect.doAround:71 -耗时 : 255
2020-03-14 11:00:03.504 INFO  [http-nio-8001-exec-4]xyz.fusheng.blog.aspect.RequestAspect.doAfterReturning:85 -返回值:{"code":20000,"data":{"aboutContent":"修改后的测试内容1","aboutId":1,"aboutRead":4,"aboutTitle":"修改更新关于我的信息","createdTime":"2020-03-14 10:46:26","updateTime":"2020-03-14 11:00:02","version":8},"msg":"操作成功！"}
2020-03-14 11:00:04.375 INFO  [http-nio-8001-exec-6]xyz.fusheng.blog.aspect.RequestAspect.printRequestLog:116 -请求地址 : /about/read
2020-03-14 11:00:04.376 INFO  [http-nio-8001-exec-6]xyz.fusheng.blog.aspect.RequestAspect.printRequestLog:117 -请求方式 : GET
2020-03-14 11:00:04.376 INFO  [http-nio-8001-exec-6]xyz.fusheng.blog.aspect.RequestAspect.printRequestLog:120 -IP : 0:0:0:0:0:0:0:1
2020-03-14 11:00:04.377 INFO  [http-nio-8001-exec-6]xyz.fusheng.blog.aspect.RequestAspect.printRequestLog:122 -方法 : xyz.fusheng.blog.controller.AboutController.read
2020-03-14 11:00:04.377 INFO  [http-nio-8001-exec-6]xyz.fusheng.blog.aspect.RequestAspect.printRequestLog:124 -请求参数：[]
2020-03-14 11:00:06.729 INFO  [http-nio-8001-exec-6]xyz.fusheng.blog.aspect.RequestAspect.doAround:71 -耗时 : 2354
2020-03-14 11:00:06.730 INFO  [http-nio-8001-exec-6]xyz.fusheng.blog.aspect.RequestAspect.doAfterReturning:85 -返回值:{"code":20000,"data":{"aboutContent":"修改后的测试内容1","aboutId":1,"aboutRead":5,"aboutTitle":"修改更新关于我的信息","createdTime":"2020-03-14 10:46:26","updateTime":"2020-03-14 11:00:03","version":9},"msg":"操作成功！"}
