2020-03-11 14:41:12.653 INFO  [main]xyz.fusheng.blog.BlogApplication.logStarting:55 -Starting BlogApplication on DESKTOP-UFFICG8 with PID 19320 (started by 25610 in G:\Code_fusheng\SpringBoot+Vue【个人博客】\blog)
2020-03-11 14:41:12.664 INFO  [main]xyz.fusheng.blog.BlogApplication.logStartupProfileInfo:651 -No active profile set, falling back to default profiles: default
2020-03-11 14:41:20.564 INFO  [main]o.s.boot.web.embedded.tomcat.TomcatWebServer.initialize:92 -Tomcat initialized with port(s): 8080 (http)
2020-03-11 14:41:20.578 INFO  [main]org.apache.coyote.http11.Http11NioProtocol.log:173 -Initializing ProtocolHandler ["http-nio-8080"]
2020-03-11 14:41:20.580 INFO  [main]org.apache.catalina.core.StandardService.log:173 -Starting service [Tomcat]
2020-03-11 14:41:20.582 INFO  [main]org.apache.catalina.core.StandardEngine.log:173 -Starting Servlet engine: [Apache Tomcat/9.0.31]
2020-03-11 14:41:20.840 INFO  [main]o.a.catalina.core.ContainerBase.[Tomcat].[localhost].[/].log:173 -Initializing Spring embedded WebApplicationContext
2020-03-11 14:41:20.842 INFO  [main]org.springframework.web.context.ContextLoader.prepareWebApplicationContext:284 -Root WebApplicationContext: initialization completed in 7611 ms
2020-03-11 14:41:21.604 INFO  [main]c.a.d.s.boot.autoconfigure.DruidDataSourceAutoConfigure.dataSource:56 -Init DruidDataSource
2020-03-11 14:41:21.934 INFO  [main]org.apache.catalina.core.StandardService.log:173 -Stopping service [Tomcat]
2020-03-11 14:41:21.969 INFO  [main]o.s.b.a.logging.ConditionEvaluationReportLoggingListener.logMessage:136 -

Error starting ApplicationContext. To display the conditions report re-run your application with 'debug' enabled.
2020-03-11 14:43:28.191 INFO  [main]xyz.fusheng.blog.BlogApplication.logStarting:55 -Starting BlogApplication on DESKTOP-UFFICG8 with PID 12128 (started by 25610 in G:\Code_fusheng\SpringBoot+Vue【个人博客】\blog)
2020-03-11 14:43:28.196 INFO  [main]xyz.fusheng.blog.BlogApplication.logStartupProfileInfo:651 -No active profile set, falling back to default profiles: default
2020-03-11 14:43:30.542 INFO  [main]o.s.boot.web.embedded.tomcat.TomcatWebServer.initialize:92 -Tomcat initialized with port(s): 8080 (http)
2020-03-11 14:43:30.562 INFO  [main]org.apache.coyote.http11.Http11NioProtocol.log:173 -Initializing ProtocolHandler ["http-nio-8080"]
2020-03-11 14:43:30.564 INFO  [main]org.apache.catalina.core.StandardService.log:173 -Starting service [Tomcat]
2020-03-11 14:43:30.566 INFO  [main]org.apache.catalina.core.StandardEngine.log:173 -Starting Servlet engine: [Apache Tomcat/9.0.31]
2020-03-11 14:43:30.723 INFO  [main]o.a.catalina.core.ContainerBase.[Tomcat].[localhost].[/].log:173 -Initializing Spring embedded WebApplicationContext
2020-03-11 14:43:30.724 INFO  [main]org.springframework.web.context.ContextLoader.prepareWebApplicationContext:284 -Root WebApplicationContext: initialization completed in 2429 ms
2020-03-11 14:43:31.489 INFO  [main]c.a.d.s.boot.autoconfigure.DruidDataSourceAutoConfigure.dataSource:56 -Init DruidDataSource
2020-03-11 14:43:31.864 INFO  [main]org.apache.catalina.core.StandardService.log:173 -Stopping service [Tomcat]
2020-03-11 14:43:31.886 INFO  [main]o.s.b.a.logging.ConditionEvaluationReportLoggingListener.logMessage:136 -

Error starting ApplicationContext. To display the conditions report re-run your application with 'debug' enabled.
2020-03-11 14:48:21.040 INFO  [main]xyz.fusheng.blog.BlogApplication.logStarting:55 -Starting BlogApplication on DESKTOP-UFFICG8 with PID 12180 (started by 25610 in G:\Code_fusheng\SpringBoot+Vue【个人博客】\blog)
2020-03-11 14:48:21.048 INFO  [main]xyz.fusheng.blog.BlogApplication.logStartupProfileInfo:651 -No active profile set, falling back to default profiles: default
2020-03-11 14:48:24.465 INFO  [main]o.s.boot.web.embedded.tomcat.TomcatWebServer.initialize:92 -Tomcat initialized with port(s): 8001 (http)
2020-03-11 14:48:24.482 INFO  [main]org.apache.coyote.http11.Http11NioProtocol.log:173 -Initializing ProtocolHandler ["http-nio-8001"]
2020-03-11 14:48:24.483 INFO  [main]org.apache.catalina.core.StandardService.log:173 -Starting service [Tomcat]
2020-03-11 14:48:24.484 INFO  [main]org.apache.catalina.core.StandardEngine.log:173 -Starting Servlet engine: [Apache Tomcat/9.0.31]
2020-03-11 14:48:24.655 INFO  [main]o.a.catalina.core.ContainerBase.[Tomcat].[localhost].[/].log:173 -Initializing Spring embedded WebApplicationContext
2020-03-11 14:48:24.656 INFO  [main]org.springframework.web.context.ContextLoader.prepareWebApplicationContext:284 -Root WebApplicationContext: initialization completed in 3405 ms
2020-03-11 14:48:25.596 INFO  [main]c.a.d.s.boot.autoconfigure.DruidDataSourceAutoConfigure.dataSource:56 -Init DruidDataSource
2020-03-11 14:48:26.286 INFO  [main]com.alibaba.druid.pool.DruidDataSource.init:930 -{dataSource-1} inited
2020-03-11 14:48:27.818 INFO  [main]o.s.scheduling.concurrent.ThreadPoolTaskExecutor.initialize:181 -Initializing ExecutorService 'applicationTaskExecutor'
2020-03-11 14:48:28.420 INFO  [main]org.apache.coyote.http11.Http11NioProtocol.log:173 -Starting ProtocolHandler ["http-nio-8001"]
2020-03-11 14:48:28.480 INFO  [main]o.s.boot.web.embedded.tomcat.TomcatWebServer.start:204 -Tomcat started on port(s): 8001 (http) with context path ''
2020-03-11 14:48:28.486 INFO  [main]xyz.fusheng.blog.BlogApplication.logStarted:61 -Started BlogApplication in 8.86 seconds (JVM running for 11.693)
2020-03-11 14:51:45.140 INFO  [main]xyz.fusheng.blog.BlogApplication.logStarting:55 -Starting BlogApplication on DESKTOP-UFFICG8 with PID 336 (started by 25610 in G:\Code_fusheng\SpringBoot+Vue【个人博客】\blog)
2020-03-11 14:51:45.145 INFO  [main]xyz.fusheng.blog.BlogApplication.logStartupProfileInfo:651 -No active profile set, falling back to default profiles: default
2020-03-11 14:51:47.900 INFO  [main]o.s.boot.web.embedded.tomcat.TomcatWebServer.initialize:92 -Tomcat initialized with port(s): 8001 (http)
2020-03-11 14:51:47.912 INFO  [main]org.apache.coyote.http11.Http11NioProtocol.log:173 -Initializing ProtocolHandler ["http-nio-8001"]
2020-03-11 14:51:47.913 INFO  [main]org.apache.catalina.core.StandardService.log:173 -Starting service [Tomcat]
2020-03-11 14:51:47.913 INFO  [main]org.apache.catalina.core.StandardEngine.log:173 -Starting Servlet engine: [Apache Tomcat/9.0.31]
2020-03-11 14:51:48.105 INFO  [main]o.a.catalina.core.ContainerBase.[Tomcat].[localhost].[/].log:173 -Initializing Spring embedded WebApplicationContext
2020-03-11 14:51:48.107 INFO  [main]org.springframework.web.context.ContextLoader.prepareWebApplicationContext:284 -Root WebApplicationContext: initialization completed in 2742 ms
2020-03-11 14:51:48.965 INFO  [main]c.a.d.s.boot.autoconfigure.DruidDataSourceAutoConfigure.dataSource:56 -Init DruidDataSource
2020-03-11 14:51:49.285 INFO  [main]org.apache.catalina.core.StandardService.log:173 -Stopping service [Tomcat]
2020-03-11 14:51:49.307 INFO  [main]o.s.b.a.logging.ConditionEvaluationReportLoggingListener.logMessage:136 -

Error starting ApplicationContext. To display the conditions report re-run your application with 'debug' enabled.
2020-03-11 14:52:07.245 INFO  [main]xyz.fusheng.blog.BlogApplication.logStarting:55 -Starting BlogApplication on DESKTOP-UFFICG8 with PID 3300 (started by 25610 in G:\Code_fusheng\SpringBoot+Vue【个人博客】\blog)
2020-03-11 14:52:07.253 INFO  [main]xyz.fusheng.blog.BlogApplication.logStartupProfileInfo:651 -No active profile set, falling back to default profiles: default
2020-03-11 14:52:09.293 INFO  [main]o.s.boot.web.embedded.tomcat.TomcatWebServer.initialize:92 -Tomcat initialized with port(s): 8001 (http)
2020-03-11 14:52:09.326 INFO  [main]org.apache.coyote.http11.Http11NioProtocol.log:173 -Initializing ProtocolHandler ["http-nio-8001"]
2020-03-11 14:52:09.329 INFO  [main]org.apache.catalina.core.StandardService.log:173 -Starting service [Tomcat]
2020-03-11 14:52:09.362 INFO  [main]org.apache.catalina.core.StandardEngine.log:173 -Starting Servlet engine: [Apache Tomcat/9.0.31]
2020-03-11 14:52:09.602 INFO  [main]o.a.catalina.core.ContainerBase.[Tomcat].[localhost].[/].log:173 -Initializing Spring embedded WebApplicationContext
2020-03-11 14:52:09.603 INFO  [main]org.springframework.web.context.ContextLoader.prepareWebApplicationContext:284 -Root WebApplicationContext: initialization completed in 2201 ms
2020-03-11 14:52:10.943 INFO  [main]c.a.d.s.boot.autoconfigure.DruidDataSourceAutoConfigure.dataSource:56 -Init DruidDataSource
2020-03-11 14:52:12.989 INFO  [main]com.alibaba.druid.pool.DruidDataSource.init:930 -{dataSource-1} inited
2020-03-11 14:52:12.998 INFO  [main]org.apache.catalina.core.StandardService.log:173 -Stopping service [Tomcat]
2020-03-11 14:52:13.015 INFO  [main]o.s.b.a.logging.ConditionEvaluationReportLoggingListener.logMessage:136 -

Error starting ApplicationContext. To display the conditions report re-run your application with 'debug' enabled.
2020-03-11 14:52:51.793 INFO  [main]xyz.fusheng.blog.BlogApplication.logStarting:55 -Starting BlogApplication on DESKTOP-UFFICG8 with PID 14880 (started by 25610 in G:\Code_fusheng\SpringBoot+Vue【个人博客】\blog)
2020-03-11 14:52:51.799 INFO  [main]xyz.fusheng.blog.BlogApplication.logStartupProfileInfo:651 -No active profile set, falling back to default profiles: default
2020-03-11 14:52:54.020 INFO  [main]o.s.boot.web.embedded.tomcat.TomcatWebServer.initialize:92 -Tomcat initialized with port(s): 8001 (http)
2020-03-11 14:52:54.029 INFO  [main]org.apache.coyote.http11.Http11NioProtocol.log:173 -Initializing ProtocolHandler ["http-nio-8001"]
2020-03-11 14:52:54.030 INFO  [main]org.apache.catalina.core.StandardService.log:173 -Starting service [Tomcat]
2020-03-11 14:52:54.031 INFO  [main]org.apache.catalina.core.StandardEngine.log:173 -Starting Servlet engine: [Apache Tomcat/9.0.31]
2020-03-11 14:52:54.137 INFO  [main]o.a.catalina.core.ContainerBase.[Tomcat].[localhost].[/].log:173 -Initializing Spring embedded WebApplicationContext
2020-03-11 14:52:54.138 INFO  [main]org.springframework.web.context.ContextLoader.prepareWebApplicationContext:284 -Root WebApplicationContext: initialization completed in 2151 ms
2020-03-11 14:52:54.946 INFO  [main]c.a.d.s.boot.autoconfigure.DruidDataSourceAutoConfigure.dataSource:56 -Init DruidDataSource
2020-03-11 14:52:58.871 INFO  [main]com.alibaba.druid.pool.DruidDataSource.init:930 -{dataSource-1} inited
2020-03-11 14:52:59.567 INFO  [main]o.s.scheduling.concurrent.ThreadPoolTaskExecutor.initialize:181 -Initializing ExecutorService 'applicationTaskExecutor'
2020-03-11 14:52:59.933 INFO  [main]org.apache.coyote.http11.Http11NioProtocol.log:173 -Starting ProtocolHandler ["http-nio-8001"]
2020-03-11 14:52:59.957 INFO  [main]o.s.boot.web.embedded.tomcat.TomcatWebServer.start:204 -Tomcat started on port(s): 8001 (http) with context path ''
2020-03-11 14:52:59.960 INFO  [main]xyz.fusheng.blog.BlogApplication.logStarted:61 -Started BlogApplication in 9.369 seconds (JVM running for 11.098)
2020-03-11 14:53:19.227 INFO  [main]xyz.fusheng.blog.BlogApplication.logStarting:55 -Starting BlogApplication on DESKTOP-UFFICG8 with PID 18036 (started by 25610 in G:\Code_fusheng\SpringBoot+Vue【个人博客】\blog)
2020-03-11 14:53:19.233 INFO  [main]xyz.fusheng.blog.BlogApplication.logStartupProfileInfo:651 -No active profile set, falling back to default profiles: default
2020-03-11 14:53:21.225 INFO  [main]o.s.boot.web.embedded.tomcat.TomcatWebServer.initialize:92 -Tomcat initialized with port(s): 8001 (http)
2020-03-11 14:53:21.245 INFO  [main]org.apache.coyote.http11.Http11NioProtocol.log:173 -Initializing ProtocolHandler ["http-nio-8001"]
2020-03-11 14:53:21.250 INFO  [main]org.apache.catalina.core.StandardService.log:173 -Starting service [Tomcat]
2020-03-11 14:53:21.251 INFO  [main]org.apache.catalina.core.StandardEngine.log:173 -Starting Servlet engine: [Apache Tomcat/9.0.31]
2020-03-11 14:53:21.432 INFO  [main]o.a.catalina.core.ContainerBase.[Tomcat].[localhost].[/].log:173 -Initializing Spring embedded WebApplicationContext
2020-03-11 14:53:21.436 INFO  [main]org.springframework.web.context.ContextLoader.prepareWebApplicationContext:284 -Root WebApplicationContext: initialization completed in 2130 ms
2020-03-11 14:53:22.297 INFO  [main]c.a.d.s.boot.autoconfigure.DruidDataSourceAutoConfigure.dataSource:56 -Init DruidDataSource
2020-03-11 14:53:26.207 INFO  [main]com.alibaba.druid.pool.DruidDataSource.init:930 -{dataSource-1} inited
2020-03-11 14:53:27.044 INFO  [main]o.s.scheduling.concurrent.ThreadPoolTaskExecutor.initialize:181 -Initializing ExecutorService 'applicationTaskExecutor'
2020-03-11 14:53:27.820 INFO  [main]org.apache.coyote.http11.Http11NioProtocol.log:173 -Starting ProtocolHandler ["http-nio-8001"]
2020-03-11 14:53:27.850 INFO  [main]o.s.boot.web.embedded.tomcat.TomcatWebServer.start:204 -Tomcat started on port(s): 8001 (http) with context path ''
2020-03-11 14:53:27.854 INFO  [main]xyz.fusheng.blog.BlogApplication.logStarted:61 -Started BlogApplication in 9.694 seconds (JVM running for 11.409)
2020-03-11 19:17:17.028 INFO  [main]xyz.fusheng.blog.BlogApplication.logStarting:55 -Starting BlogApplication on DESKTOP-UFFICG8 with PID 9144 (started by 25610 in G:\Code_fusheng\SpringBoot+Vue【个人博客】\blog)
2020-03-11 19:17:17.031 INFO  [main]xyz.fusheng.blog.BlogApplication.logStartupProfileInfo:651 -No active profile set, falling back to default profiles: default
2020-03-11 19:17:19.797 INFO  [main]o.s.boot.web.embedded.tomcat.TomcatWebServer.initialize:92 -Tomcat initialized with port(s): 8001 (http)
2020-03-11 19:17:19.813 INFO  [main]org.apache.coyote.http11.Http11NioProtocol.log:173 -Initializing ProtocolHandler ["http-nio-8001"]
2020-03-11 19:17:19.814 INFO  [main]org.apache.catalina.core.StandardService.log:173 -Starting service [Tomcat]
2020-03-11 19:17:19.815 INFO  [main]org.apache.catalina.core.StandardEngine.log:173 -Starting Servlet engine: [Apache Tomcat/9.0.31]
2020-03-11 19:17:19.980 INFO  [main]o.a.catalina.core.ContainerBase.[Tomcat].[localhost].[/].log:173 -Initializing Spring embedded WebApplicationContext
2020-03-11 19:17:19.981 INFO  [main]org.springframework.web.context.ContextLoader.prepareWebApplicationContext:284 -Root WebApplicationContext: initialization completed in 2802 ms
2020-03-11 19:17:20.981 INFO  [main]c.a.d.s.boot.autoconfigure.DruidDataSourceAutoConfigure.dataSource:56 -Init DruidDataSource
2020-03-11 19:17:30.730 INFO  [main]com.alibaba.druid.pool.DruidDataSource.init:930 -{dataSource-1} inited
2020-03-11 19:17:32.280 INFO  [main]o.s.scheduling.concurrent.ThreadPoolTaskExecutor.initialize:181 -Initializing ExecutorService 'applicationTaskExecutor'
2020-03-11 19:17:34.085 INFO  [main]org.apache.coyote.http11.Http11NioProtocol.log:173 -Starting ProtocolHandler ["http-nio-8001"]
2020-03-11 19:17:34.235 INFO  [main]o.s.boot.web.embedded.tomcat.TomcatWebServer.start:204 -Tomcat started on port(s): 8001 (http) with context path ''
2020-03-11 19:17:34.258 INFO  [main]xyz.fusheng.blog.BlogApplication.logStarted:61 -Started BlogApplication in 18.755 seconds (JVM running for 21.435)
2020-03-11 19:26:34.094 INFO  [http-nio-8001-exec-1]o.a.catalina.core.ContainerBase.[Tomcat].[localhost].[/].log:173 -Initializing Spring DispatcherServlet 'dispatcherServlet'
2020-03-11 19:26:34.095 INFO  [http-nio-8001-exec-1]org.springframework.web.servlet.DispatcherServlet.initServletBean:525 -Initializing Servlet 'dispatcherServlet'
2020-03-11 19:26:34.128 INFO  [http-nio-8001-exec-1]org.springframework.web.servlet.DispatcherServlet.initServletBean:547 -Completed initialization in 32 ms
2020-03-11 19:26:34.223 INFO  [http-nio-8001-exec-1]xyz.fusheng.blog.aspect.RequestAspect.printRequestLog:98 -请求地址 : /test/testException/1
2020-03-11 19:26:34.224 INFO  [http-nio-8001-exec-1]xyz.fusheng.blog.aspect.RequestAspect.printRequestLog:99 -请求方式 : GET
2020-03-11 19:26:34.225 INFO  [http-nio-8001-exec-1]xyz.fusheng.blog.aspect.RequestAspect.printRequestLog:102 -IP : 0:0:0:0:0:0:0:1
2020-03-11 19:26:34.226 INFO  [http-nio-8001-exec-1]xyz.fusheng.blog.aspect.RequestAspect.printRequestLog:104 -方法 : xyz.fusheng.blog.controller.TestController.testException
2020-03-11 19:26:34.227 INFO  [http-nio-8001-exec-1]xyz.fusheng.blog.aspect.RequestAspect.printRequestLog:106 -请求参数：[1]
2020-03-11 19:26:34.240 INFO  [http-nio-8001-exec-1]xyz.fusheng.blog.aspect.RequestAspect.doAround:64 -耗时 : 20
2020-03-11 19:26:34.363 INFO  [http-nio-8001-exec-1]xyz.fusheng.blog.aspect.RequestAspect.doAfterReturning:75 -返回值:{"code":20000,"msg":"操作成功！"}
2020-03-11 19:32:08.698 INFO  [http-nio-8001-exec-5]xyz.fusheng.blog.aspect.RequestAspect.printRequestLog:98 -请求地址 : /test/testException/0
2020-03-11 19:32:08.699 INFO  [http-nio-8001-exec-5]xyz.fusheng.blog.aspect.RequestAspect.printRequestLog:99 -请求方式 : GET
2020-03-11 19:32:08.699 INFO  [http-nio-8001-exec-5]xyz.fusheng.blog.aspect.RequestAspect.printRequestLog:102 -IP : 0:0:0:0:0:0:0:1
2020-03-11 19:32:08.701 INFO  [http-nio-8001-exec-5]xyz.fusheng.blog.aspect.RequestAspect.printRequestLog:104 -方法 : xyz.fusheng.blog.controller.TestController.testException
2020-03-11 19:32:08.702 INFO  [http-nio-8001-exec-5]xyz.fusheng.blog.aspect.RequestAspect.printRequestLog:106 -请求参数：[0]
2020-03-11 19:33:18.188 INFO  [http-nio-8001-exec-7]xyz.fusheng.blog.aspect.RequestAspect.printRequestLog:98 -请求地址 : /test/testException/1
2020-03-11 19:33:18.189 INFO  [http-nio-8001-exec-7]xyz.fusheng.blog.aspect.RequestAspect.printRequestLog:99 -请求方式 : GET
2020-03-11 19:33:18.190 INFO  [http-nio-8001-exec-7]xyz.fusheng.blog.aspect.RequestAspect.printRequestLog:102 -IP : 0:0:0:0:0:0:0:1
2020-03-11 19:33:18.190 INFO  [http-nio-8001-exec-7]xyz.fusheng.blog.aspect.RequestAspect.printRequestLog:104 -方法 : xyz.fusheng.blog.controller.TestController.testException
2020-03-11 19:33:18.191 INFO  [http-nio-8001-exec-7]xyz.fusheng.blog.aspect.RequestAspect.printRequestLog:106 -请求参数：[1]
2020-03-11 19:33:18.192 INFO  [http-nio-8001-exec-7]xyz.fusheng.blog.aspect.RequestAspect.doAround:64 -耗时 : 4
2020-03-11 19:33:18.193 INFO  [http-nio-8001-exec-7]xyz.fusheng.blog.aspect.RequestAspect.doAfterReturning:75 -返回值:{"code":20000,"msg":"操作成功！"}
2020-03-11 19:40:12.349 INFO  [http-nio-8001-exec-2]xyz.fusheng.blog.aspect.RequestAspect.printRequestLog:98 -请求地址 : /test/testException/1
2020-03-11 19:40:12.353 INFO  [http-nio-8001-exec-2]xyz.fusheng.blog.aspect.RequestAspect.printRequestLog:99 -请求方式 : GET
2020-03-11 19:40:12.353 INFO  [http-nio-8001-exec-2]xyz.fusheng.blog.aspect.RequestAspect.printRequestLog:102 -IP : 0:0:0:0:0:0:0:1
2020-03-11 19:40:12.354 INFO  [http-nio-8001-exec-2]xyz.fusheng.blog.aspect.RequestAspect.printRequestLog:104 -方法 : xyz.fusheng.blog.controller.TestController.testException
2020-03-11 19:40:12.357 INFO  [http-nio-8001-exec-2]xyz.fusheng.blog.aspect.RequestAspect.printRequestLog:106 -请求参数：[1]
2020-03-11 19:40:12.358 INFO  [http-nio-8001-exec-2]xyz.fusheng.blog.aspect.RequestAspect.doAround:64 -耗时 : 9
2020-03-11 19:40:12.359 INFO  [http-nio-8001-exec-2]xyz.fusheng.blog.aspect.RequestAspect.doAfterReturning:75 -返回值:{"code":20000,"msg":"操作成功！"}
2020-03-11 19:40:20.598 INFO  [http-nio-8001-exec-1]xyz.fusheng.blog.aspect.RequestAspect.printRequestLog:98 -请求地址 : /test/testException/2
2020-03-11 19:40:20.600 INFO  [http-nio-8001-exec-1]xyz.fusheng.blog.aspect.RequestAspect.printRequestLog:99 -请求方式 : GET
2020-03-11 19:40:20.602 INFO  [http-nio-8001-exec-1]xyz.fusheng.blog.aspect.RequestAspect.printRequestLog:102 -IP : 0:0:0:0:0:0:0:1
2020-03-11 19:40:20.611 INFO  [http-nio-8001-exec-1]xyz.fusheng.blog.aspect.RequestAspect.printRequestLog:104 -方法 : xyz.fusheng.blog.controller.TestController.testException
2020-03-11 19:40:20.613 INFO  [http-nio-8001-exec-1]xyz.fusheng.blog.aspect.RequestAspect.printRequestLog:106 -请求参数：[2]
2020-03-11 19:40:43.944 INFO  [http-nio-8001-exec-3]xyz.fusheng.blog.aspect.RequestAspect.printRequestLog:98 -请求地址 : /test/testException/1
2020-03-11 19:40:43.945 INFO  [http-nio-8001-exec-3]xyz.fusheng.blog.aspect.RequestAspect.printRequestLog:99 -请求方式 : GET
2020-03-11 19:40:43.946 INFO  [http-nio-8001-exec-3]xyz.fusheng.blog.aspect.RequestAspect.printRequestLog:102 -IP : 0:0:0:0:0:0:0:1
2020-03-11 19:40:43.949 INFO  [http-nio-8001-exec-3]xyz.fusheng.blog.aspect.RequestAspect.printRequestLog:104 -方法 : xyz.fusheng.blog.controller.TestController.testException
2020-03-11 19:40:43.951 INFO  [http-nio-8001-exec-3]xyz.fusheng.blog.aspect.RequestAspect.printRequestLog:106 -请求参数：[1]
2020-03-11 19:40:43.953 INFO  [http-nio-8001-exec-3]xyz.fusheng.blog.aspect.RequestAspect.doAround:64 -耗时 : 9
2020-03-11 19:40:43.954 INFO  [http-nio-8001-exec-3]xyz.fusheng.blog.aspect.RequestAspect.doAfterReturning:75 -返回值:{"code":20000,"msg":"操作成功！"}
2020-03-11 19:41:17.195 INFO  [http-nio-8001-exec-4]xyz.fusheng.blog.aspect.RequestAspect.printRequestLog:98 -请求地址 : /test/testException/2
2020-03-11 19:41:17.196 INFO  [http-nio-8001-exec-4]xyz.fusheng.blog.aspect.RequestAspect.printRequestLog:99 -请求方式 : GET
2020-03-11 19:41:17.197 INFO  [http-nio-8001-exec-4]xyz.fusheng.blog.aspect.RequestAspect.printRequestLog:102 -IP : 0:0:0:0:0:0:0:1
2020-03-11 19:41:17.199 INFO  [http-nio-8001-exec-4]xyz.fusheng.blog.aspect.RequestAspect.printRequestLog:104 -方法 : xyz.fusheng.blog.controller.TestController.testException
2020-03-11 19:41:17.200 INFO  [http-nio-8001-exec-4]xyz.fusheng.blog.aspect.RequestAspect.printRequestLog:106 -请求参数：[2]
2020-03-11 22:11:49.216 INFO  [main]xyz.fusheng.blog.BlogApplication.logStarting:55 -Starting BlogApplication on DESKTOP-UFFICG8 with PID 20380 (started by 25610 in G:\Code_fusheng\SpringBoot+Vue【个人博客】\blog)
2020-03-11 22:11:49.251 INFO  [main]xyz.fusheng.blog.BlogApplication.logStartupProfileInfo:651 -No active profile set, falling back to default profiles: default
2020-03-11 22:11:52.296 INFO  [main]o.s.boot.web.embedded.tomcat.TomcatWebServer.initialize:92 -Tomcat initialized with port(s): 8001 (http)
2020-03-11 22:11:52.312 INFO  [main]org.apache.coyote.http11.Http11NioProtocol.log:173 -Initializing ProtocolHandler ["http-nio-8001"]
2020-03-11 22:11:52.313 INFO  [main]org.apache.catalina.core.StandardService.log:173 -Starting service [Tomcat]
2020-03-11 22:11:52.313 INFO  [main]org.apache.catalina.core.StandardEngine.log:173 -Starting Servlet engine: [Apache Tomcat/9.0.31]
2020-03-11 22:11:52.447 INFO  [main]o.a.catalina.core.ContainerBase.[Tomcat].[localhost].[/].log:173 -Initializing Spring embedded WebApplicationContext
2020-03-11 22:11:52.448 INFO  [main]org.springframework.web.context.ContextLoader.prepareWebApplicationContext:284 -Root WebApplicationContext: initialization completed in 2940 ms
2020-03-11 22:11:53.189 INFO  [main]c.a.d.s.boot.autoconfigure.DruidDataSourceAutoConfigure.dataSource:56 -Init DruidDataSource
2020-03-11 22:11:57.666 INFO  [main]com.alibaba.druid.pool.DruidDataSource.init:930 -{dataSource-1} inited
2020-03-11 22:11:58.594 INFO  [main]o.s.scheduling.concurrent.ThreadPoolTaskExecutor.initialize:181 -Initializing ExecutorService 'applicationTaskExecutor'
2020-03-11 22:11:59.169 INFO  [main]org.apache.coyote.http11.Http11NioProtocol.log:173 -Starting ProtocolHandler ["http-nio-8001"]
2020-03-11 22:11:59.201 INFO  [main]o.s.boot.web.embedded.tomcat.TomcatWebServer.start:204 -Tomcat started on port(s): 8001 (http) with context path ''
2020-03-11 22:11:59.205 INFO  [main]xyz.fusheng.blog.BlogApplication.logStarted:61 -Started BlogApplication in 12.25 seconds (JVM running for 15.719)
2020-03-11 23:31:28.283 INFO  [main]xyz.fusheng.blog.BlogApplication.logStarting:55 -Starting BlogApplication on DESKTOP-UFFICG8 with PID 9120 (started by 25610 in G:\Code_fusheng\SpringBoot+Vue【个人博客】\blog)
2020-03-11 23:31:28.383 INFO  [main]xyz.fusheng.blog.BlogApplication.logStartupProfileInfo:651 -No active profile set, falling back to default profiles: default
2020-03-11 23:31:30.268 INFO  [main]o.s.boot.web.embedded.tomcat.TomcatWebServer.initialize:92 -Tomcat initialized with port(s): 8001 (http)
2020-03-11 23:31:30.279 INFO  [main]org.apache.coyote.http11.Http11NioProtocol.log:173 -Initializing ProtocolHandler ["http-nio-8001"]
2020-03-11 23:31:30.280 INFO  [main]org.apache.catalina.core.StandardService.log:173 -Starting service [Tomcat]
2020-03-11 23:31:30.281 INFO  [main]org.apache.catalina.core.StandardEngine.log:173 -Starting Servlet engine: [Apache Tomcat/9.0.31]
2020-03-11 23:31:30.385 INFO  [main]o.a.catalina.core.ContainerBase.[Tomcat].[localhost].[/].log:173 -Initializing Spring embedded WebApplicationContext
2020-03-11 23:31:30.385 INFO  [main]org.springframework.web.context.ContextLoader.prepareWebApplicationContext:284 -Root WebApplicationContext: initialization completed in 1926 ms
2020-03-11 23:31:30.509 INFO  [main]c.a.d.s.boot.autoconfigure.DruidDataSourceAutoConfigure.dataSource:56 -Init DruidDataSource
2020-03-11 23:31:34.356 INFO  [main]com.alibaba.druid.pool.DruidDataSource.init:930 -{dataSource-1} inited
2020-03-11 23:31:35.629 INFO  [main]o.s.scheduling.concurrent.ThreadPoolTaskExecutor.initialize:181 -Initializing ExecutorService 'applicationTaskExecutor'
2020-03-11 23:31:36.006 INFO  [main]org.apache.coyote.http11.Http11NioProtocol.log:173 -Starting ProtocolHandler ["http-nio-8001"]
2020-03-11 23:31:36.030 INFO  [main]o.s.boot.web.embedded.tomcat.TomcatWebServer.start:204 -Tomcat started on port(s): 8001 (http) with context path ''
2020-03-11 23:31:36.034 INFO  [main]xyz.fusheng.blog.BlogApplication.logStarted:61 -Started BlogApplication in 8.691 seconds (JVM running for 10.5)
2020-03-11 23:33:46.790 INFO  [main]xyz.fusheng.blog.BlogApplication.logStarting:55 -Starting BlogApplication on DESKTOP-UFFICG8 with PID 16036 (started by 25610 in G:\Code_fusheng\SpringBoot+Vue【个人博客】\blog)
2020-03-11 23:33:46.796 INFO  [main]xyz.fusheng.blog.BlogApplication.logStartupProfileInfo:651 -No active profile set, falling back to default profiles: default
2020-03-11 23:33:48.541 INFO  [main]o.s.boot.web.embedded.tomcat.TomcatWebServer.initialize:92 -Tomcat initialized with port(s): 8001 (http)
2020-03-11 23:33:48.552 INFO  [main]org.apache.coyote.http11.Http11NioProtocol.log:173 -Initializing ProtocolHandler ["http-nio-8001"]
2020-03-11 23:33:48.553 INFO  [main]org.apache.catalina.core.StandardService.log:173 -Starting service [Tomcat]
2020-03-11 23:33:48.553 INFO  [main]org.apache.catalina.core.StandardEngine.log:173 -Starting Servlet engine: [Apache Tomcat/9.0.31]
2020-03-11 23:33:48.669 INFO  [main]o.a.catalina.core.ContainerBase.[Tomcat].[localhost].[/].log:173 -Initializing Spring embedded WebApplicationContext
2020-03-11 23:33:48.670 INFO  [main]org.springframework.web.context.ContextLoader.prepareWebApplicationContext:284 -Root WebApplicationContext: initialization completed in 1726 ms
2020-03-11 23:33:48.797 INFO  [main]c.a.d.s.boot.autoconfigure.DruidDataSourceAutoConfigure.dataSource:56 -Init DruidDataSource
2020-03-11 23:33:52.778 INFO  [main]com.alibaba.druid.pool.DruidDataSource.init:930 -{dataSource-1} inited
2020-03-11 23:33:54.005 INFO  [main]o.s.scheduling.concurrent.ThreadPoolTaskExecutor.initialize:181 -Initializing ExecutorService 'applicationTaskExecutor'
2020-03-11 23:33:54.631 INFO  [main]org.apache.coyote.http11.Http11NioProtocol.log:173 -Starting ProtocolHandler ["http-nio-8001"]
2020-03-11 23:33:54.661 INFO  [main]o.s.boot.web.embedded.tomcat.TomcatWebServer.start:204 -Tomcat started on port(s): 8001 (http) with context path ''
2020-03-11 23:33:54.666 INFO  [main]xyz.fusheng.blog.BlogApplication.logStarted:61 -Started BlogApplication in 8.886 seconds (JVM running for 10.79)
2020-03-11 23:34:02.850 INFO  [http-nio-8001-exec-2]o.a.catalina.core.ContainerBase.[Tomcat].[localhost].[/].log:173 -Initializing Spring DispatcherServlet 'dispatcherServlet'
2020-03-11 23:34:02.851 INFO  [http-nio-8001-exec-2]org.springframework.web.servlet.DispatcherServlet.initServletBean:525 -Initializing Servlet 'dispatcherServlet'
2020-03-11 23:34:02.880 INFO  [http-nio-8001-exec-2]org.springframework.web.servlet.DispatcherServlet.initServletBean:547 -Completed initialization in 29 ms
2020-03-11 23:34:02.945 INFO  [http-nio-8001-exec-2]xyz.fusheng.blog.aspect.RequestAspect.printRequestLog:116 -请求地址 : /test/testException/2
2020-03-11 23:34:02.957 INFO  [http-nio-8001-exec-2]xyz.fusheng.blog.aspect.RequestAspect.printRequestLog:117 -请求方式 : GET
2020-03-11 23:34:02.958 INFO  [http-nio-8001-exec-2]xyz.fusheng.blog.aspect.RequestAspect.printRequestLog:120 -IP : 0:0:0:0:0:0:0:1
2020-03-11 23:34:02.960 INFO  [http-nio-8001-exec-2]xyz.fusheng.blog.aspect.RequestAspect.printRequestLog:122 -方法 : xyz.fusheng.blog.controller.TestController.testException
2020-03-11 23:34:02.961 INFO  [http-nio-8001-exec-2]xyz.fusheng.blog.aspect.RequestAspect.printRequestLog:124 -请求参数：[2]
2020-03-11 23:34:52.172 INFO  [http-nio-8001-exec-4]xyz.fusheng.blog.aspect.RequestAspect.printRequestLog:116 -请求地址 : /test/testException/1
2020-03-11 23:34:52.173 INFO  [http-nio-8001-exec-4]xyz.fusheng.blog.aspect.RequestAspect.printRequestLog:117 -请求方式 : GET
2020-03-11 23:34:52.174 INFO  [http-nio-8001-exec-4]xyz.fusheng.blog.aspect.RequestAspect.printRequestLog:120 -IP : 0:0:0:0:0:0:0:1
2020-03-11 23:34:52.175 INFO  [http-nio-8001-exec-4]xyz.fusheng.blog.aspect.RequestAspect.printRequestLog:122 -方法 : xyz.fusheng.blog.controller.TestController.testException
2020-03-11 23:34:52.176 INFO  [http-nio-8001-exec-4]xyz.fusheng.blog.aspect.RequestAspect.printRequestLog:124 -请求参数：[1]
2020-03-11 23:34:52.177 INFO  [http-nio-8001-exec-4]xyz.fusheng.blog.aspect.RequestAspect.doAround:70 -耗时 : 6
2020-03-11 23:34:52.330 INFO  [http-nio-8001-exec-4]xyz.fusheng.blog.aspect.RequestAspect.doAfterReturning:84 -返回值:{"code":20000,"msg":"操作成功！"}
2020-03-11 23:35:42.899 INFO  [main]xyz.fusheng.blog.BlogApplication.logStarting:55 -Starting BlogApplication on DESKTOP-UFFICG8 with PID 11336 (started by 25610 in G:\Code_fusheng\SpringBoot+Vue【个人博客】\blog)
2020-03-11 23:35:42.906 INFO  [main]xyz.fusheng.blog.BlogApplication.logStartupProfileInfo:651 -No active profile set, falling back to default profiles: default
2020-03-11 23:35:44.678 INFO  [main]o.s.boot.web.embedded.tomcat.TomcatWebServer.initialize:92 -Tomcat initialized with port(s): 8001 (http)
2020-03-11 23:35:44.689 INFO  [main]org.apache.coyote.http11.Http11NioProtocol.log:173 -Initializing ProtocolHandler ["http-nio-8001"]
2020-03-11 23:35:44.690 INFO  [main]org.apache.catalina.core.StandardService.log:173 -Starting service [Tomcat]
2020-03-11 23:35:44.691 INFO  [main]org.apache.catalina.core.StandardEngine.log:173 -Starting Servlet engine: [Apache Tomcat/9.0.31]
2020-03-11 23:35:44.794 INFO  [main]o.a.catalina.core.ContainerBase.[Tomcat].[localhost].[/].log:173 -Initializing Spring embedded WebApplicationContext
2020-03-11 23:35:44.794 INFO  [main]org.springframework.web.context.ContextLoader.prepareWebApplicationContext:284 -Root WebApplicationContext: initialization completed in 1797 ms
2020-03-11 23:35:44.939 INFO  [main]c.a.d.s.boot.autoconfigure.DruidDataSourceAutoConfigure.dataSource:56 -Init DruidDataSource
2020-03-11 23:35:48.769 INFO  [main]com.alibaba.druid.pool.DruidDataSource.init:930 -{dataSource-1} inited
2020-03-11 23:35:50.075 INFO  [main]o.s.scheduling.concurrent.ThreadPoolTaskExecutor.initialize:181 -Initializing ExecutorService 'applicationTaskExecutor'
2020-03-11 23:35:50.614 INFO  [main]org.apache.coyote.http11.Http11NioProtocol.log:173 -Starting ProtocolHandler ["http-nio-8001"]
2020-03-11 23:35:50.638 INFO  [main]o.s.boot.web.embedded.tomcat.TomcatWebServer.start:204 -Tomcat started on port(s): 8001 (http) with context path ''
2020-03-11 23:35:50.642 INFO  [main]xyz.fusheng.blog.BlogApplication.logStarted:61 -Started BlogApplication in 8.757 seconds (JVM running for 10.696)
2020-03-11 23:35:56.778 INFO  [http-nio-8001-exec-1]o.a.catalina.core.ContainerBase.[Tomcat].[localhost].[/].log:173 -Initializing Spring DispatcherServlet 'dispatcherServlet'
2020-03-11 23:35:56.778 INFO  [http-nio-8001-exec-1]org.springframework.web.servlet.DispatcherServlet.initServletBean:525 -Initializing Servlet 'dispatcherServlet'
2020-03-11 23:35:56.804 INFO  [http-nio-8001-exec-1]org.springframework.web.servlet.DispatcherServlet.initServletBean:547 -Completed initialization in 25 ms
2020-03-11 23:35:56.873 INFO  [http-nio-8001-exec-1]xyz.fusheng.blog.aspect.RequestAspect.printRequestLog:116 -请求地址 : /test/testException/1
2020-03-11 23:35:56.875 INFO  [http-nio-8001-exec-1]xyz.fusheng.blog.aspect.RequestAspect.printRequestLog:117 -请求方式 : GET
2020-03-11 23:35:56.876 INFO  [http-nio-8001-exec-1]xyz.fusheng.blog.aspect.RequestAspect.printRequestLog:120 -IP : 0:0:0:0:0:0:0:1
2020-03-11 23:35:56.879 INFO  [http-nio-8001-exec-1]xyz.fusheng.blog.aspect.RequestAspect.printRequestLog:122 -方法 : xyz.fusheng.blog.controller.TestController.testException
2020-03-11 23:35:56.880 INFO  [http-nio-8001-exec-1]xyz.fusheng.blog.aspect.RequestAspect.printRequestLog:124 -请求参数：[1]
2020-03-11 23:35:56.886 INFO  [http-nio-8001-exec-1]xyz.fusheng.blog.aspect.RequestAspect.doAround:70 -耗时 : 13
2020-03-11 23:35:56.956 INFO  [http-nio-8001-exec-1]xyz.fusheng.blog.aspect.RequestAspect.doAfterReturning:84 -返回值:{"code":20000,"msg":"操作成功！"}
2020-03-11 23:40:03.204 INFO  [http-nio-8001-exec-5]xyz.fusheng.blog.aspect.RequestAspect.printRequestLog:116 -请求地址 : /test/testException/2
2020-03-11 23:40:03.205 INFO  [http-nio-8001-exec-5]xyz.fusheng.blog.aspect.RequestAspect.printRequestLog:117 -请求方式 : GET
2020-03-11 23:40:03.206 INFO  [http-nio-8001-exec-5]xyz.fusheng.blog.aspect.RequestAspect.printRequestLog:120 -IP : 0:0:0:0:0:0:0:1
2020-03-11 23:40:03.206 INFO  [http-nio-8001-exec-5]xyz.fusheng.blog.aspect.RequestAspect.printRequestLog:122 -方法 : xyz.fusheng.blog.controller.TestController.testException
2020-03-11 23:40:03.207 INFO  [http-nio-8001-exec-5]xyz.fusheng.blog.aspect.RequestAspect.printRequestLog:124 -请求参数：[2]
2020-03-11 23:49:10.446 INFO  [http-nio-8001-exec-8]xyz.fusheng.blog.aspect.RequestAspect.printRequestLog:116 -请求地址 : /test/testException/1
2020-03-11 23:49:10.447 INFO  [http-nio-8001-exec-8]xyz.fusheng.blog.aspect.RequestAspect.printRequestLog:117 -请求方式 : GET
2020-03-11 23:49:10.447 INFO  [http-nio-8001-exec-8]xyz.fusheng.blog.aspect.RequestAspect.printRequestLog:120 -IP : 0:0:0:0:0:0:0:1
2020-03-11 23:49:10.448 INFO  [http-nio-8001-exec-8]xyz.fusheng.blog.aspect.RequestAspect.printRequestLog:122 -方法 : xyz.fusheng.blog.controller.TestController.testException
2020-03-11 23:49:10.449 INFO  [http-nio-8001-exec-8]xyz.fusheng.blog.aspect.RequestAspect.printRequestLog:124 -请求参数：[1]
2020-03-11 23:49:10.449 INFO  [http-nio-8001-exec-8]xyz.fusheng.blog.aspect.RequestAspect.doAround:70 -耗时 : 3
2020-03-11 23:49:10.451 INFO  [http-nio-8001-exec-8]xyz.fusheng.blog.aspect.RequestAspect.doAfterReturning:84 -返回值:{"code":20000,"msg":"操作成功！"}
